<?xml version="1.0" encoding="UTF-8"?>
<testng-results skipped="0" failed="0" ignored="0" total="1" passed="1">
  <reporter-output>
  </reporter-output>
  <suite name="Surefire suite" duration-ms="503" started-at="2019-03-29T04:27:28Z" finished-at="2019-03-29T04:27:28Z">
    <groups>
    </groups>
    <test name="Surefire test" duration-ms="503" started-at="2019-03-29T04:27:28Z" finished-at="2019-03-29T04:27:28Z">
      <class name="com.testing.AppTest">
        <test-method status="PASS" signature="startTest()[pri:0, instance:com.testing.AppTest@783e6358]" name="startTest" is-config="true" duration-ms="173" started-at="2019-03-29T04:27:28Z" finished-at="2019-03-29T04:27:28Z">
          <reporter-output>
          </reporter-output>
        </test-method> <!-- startTest -->
        <test-method status="PASS" signature="testSum()[pri:0, instance:com.testing.AppTest@783e6358]" name="testSum" duration-ms="4" started-at="2019-03-29T04:27:28Z" finished-at="2019-03-29T04:27:28Z">
          <reporter-output>
          </reporter-output>
        </test-method> <!-- testSum -->
        <test-method status="PASS" signature="endTest()[pri:0, instance:com.testing.AppTest@783e6358]" name="endTest" is-config="true" duration-ms="306" started-at="2019-03-29T04:27:28Z" finished-at="2019-03-29T04:27:28Z">
          <reporter-output>
          </reporter-output>
        </test-method> <!-- endTest -->
      </class> <!-- com.testing.AppTest -->
    </test> <!-- Surefire test -->
  </suite> <!-- Surefire suite -->
</testng-results>
