<?xml version="1.0" encoding="UTF-8"?>
<testng-results skipped="0" failed="0" ignored="0" total="1" passed="1">
  <reporter-output>
  </reporter-output>
  <suite name="Default suite" duration-ms="739" started-at="2019-03-29T04:24:08Z" finished-at="2019-03-29T04:24:09Z">
    <groups>
    </groups>
    <test name="Default test" duration-ms="739" started-at="2019-03-29T04:24:08Z" finished-at="2019-03-29T04:24:09Z">
      <class name="com.testing.AppTest">
        <test-method status="PASS" signature="startTest()[pri:0, instance:com.testing.AppTest@5b275dab]" name="startTest" is-config="true" duration-ms="239" started-at="2019-03-29T04:24:08Z" finished-at="2019-03-29T04:24:08Z">
          <reporter-output>
          </reporter-output>
        </test-method> <!-- startTest -->
        <test-method status="PASS" signature="testSum()[pri:0, instance:com.testing.AppTest@5b275dab]" name="testSum" duration-ms="13" started-at="2019-03-29T04:24:08Z" finished-at="2019-03-29T04:24:08Z">
          <reporter-output>
          </reporter-output>
        </test-method> <!-- testSum -->
        <test-method status="PASS" signature="endTest()[pri:0, instance:com.testing.AppTest@5b275dab]" name="endTest" is-config="true" duration-ms="452" started-at="2019-03-29T04:24:08Z" finished-at="2019-03-29T04:24:09Z">
          <reporter-output>
          </reporter-output>
        </test-method> <!-- endTest -->
      </class> <!-- com.testing.AppTest -->
    </test> <!-- Default test -->
  </suite> <!-- Default suite -->
</testng-results>
